<?xml version="1.0" encoding="UTF-8"?>
<!-- Generated by org.testng.reporters.JUnitXMLReporter -->
<testsuite ignored="0" hostname="MEGHA" failures="0" tests="3" name="Default test" time="0.315" errors="0" timestamp="2023-05-02T13:01:47 IST">
  <testcase classname="com.Demotesting2" name="CreateProduct" time="0.037"/>
  <testcase classname="com.Demotesting2" name="deleteProduct" time="0.014"/>
  <testcase classname="com.Demotesting2" name="updateeProduct" time="0.009"/>
</testsuite> <!-- Default test -->
