<?xml version="1.0" encoding="UTF-8"?>
<testng-results ignored="0" total="3" passed="3" failed="0" skipped="0">
  <reporter-output>
  </reporter-output>
  <suite started-at="2023-05-02T13:01:46 IST" name="Default suite" finished-at="2023-05-02T13:01:47 IST" duration-ms="315">
    <groups>
    </groups>
    <test started-at="2023-05-02T13:01:46 IST" name="Default test" finished-at="2023-05-02T13:01:47 IST" duration-ms="315">
      <class name="com.Demotesting2">
        <test-method signature="CreateProduct()[pri:0, instance:com.Demotesting2@54bff557]" started-at="2023-05-02T13:01:46 IST" name="CreateProduct" finished-at="2023-05-02T13:01:46 IST" duration-ms="37" status="PASS">
          <reporter-output>
          </reporter-output>
        </test-method> <!-- CreateProduct -->
        <test-method signature="deleteProduct()[pri:0, instance:com.Demotesting2@54bff557]" started-at="2023-05-02T13:01:47 IST" name="deleteProduct" finished-at="2023-05-02T13:01:47 IST" duration-ms="14" status="PASS">
          <reporter-output>
          </reporter-output>
        </test-method> <!-- deleteProduct -->
        <test-method signature="updateeProduct()[pri:0, instance:com.Demotesting2@54bff557]" started-at="2023-05-02T13:01:47 IST" name="updateeProduct" finished-at="2023-05-02T13:01:47 IST" duration-ms="9" status="PASS">
          <reporter-output>
          </reporter-output>
        </test-method> <!-- updateeProduct -->
      </class> <!-- com.Demotesting2 -->
    </test> <!-- Default test -->
  </suite> <!-- Default suite -->
</testng-results>
